Determining if the pthread_create exist failed with the following output:
Change Dir: /home/rbtying/wchair/build/CMakeFiles/CMakeTmp

Run Build Command:/usr/bin/make "cmTryCompileExec618544653/fast"
/usr/bin/make -f CMakeFiles/cmTryCompileExec618544653.dir/build.make CMakeFiles/cmTryCompileExec618544653.dir/build
make[1]: Entering directory `/home/rbtying/wchair/build/CMakeFiles/CMakeTmp'
/usr/bin/cmake -E cmake_progress_report /home/rbtying/wchair/build/CMakeFiles/CMakeTmp/CMakeFiles 1
Building C object CMakeFiles/cmTryCompileExec618544653.dir/CheckSymbolExists.c.o
/usr/bin/cc    -o CMakeFiles/cmTryCompileExec618544653.dir/CheckSymbolExists.c.o   -c /home/rbtying/wchair/build/CMakeFiles/CMakeTmp/CheckSymbolExists.c
Linking C executable cmTryCompileExec618544653
/usr/bin/cmake -E cmake_link_script CMakeFiles/cmTryCompileExec618544653.dir/link.txt --verbose=1
/usr/bin/cc         CMakeFiles/cmTryCompileExec618544653.dir/CheckSymbolExists.c.o  -o cmTryCompileExec618544653 -rdynamic 
CMakeFiles/cmTryCompileExec618544653.dir/CheckSymbolExists.c.o: In function `main':
CheckSymbolExists.c:(.text+0x16): undefined reference to `pthread_create'
collect2: error: ld returned 1 exit status
make[1]: *** [cmTryCompileExec618544653] Error 1
make[1]: Leaving directory `/home/rbtying/wchair/build/CMakeFiles/CMakeTmp'
make: *** [cmTryCompileExec618544653/fast] Error 2

File /home/rbtying/wchair/build/CMakeFiles/CMakeTmp/CheckSymbolExists.c:
/* */
#include <pthread.h>

int main(int argc, char** argv)
{
  (void)argv;
#ifndef pthread_create
  return ((int*)(&pthread_create))[argc];
#else
  (void)argc;
  return 0;
#endif
}

Determining if the function pthread_create exists in the pthreads failed with the following output:
Change Dir: /home/rbtying/wchair/build/CMakeFiles/CMakeTmp

Run Build Command:/usr/bin/make "cmTryCompileExec1507683055/fast"
/usr/bin/make -f CMakeFiles/cmTryCompileExec1507683055.dir/build.make CMakeFiles/cmTryCompileExec1507683055.dir/build
make[1]: Entering directory `/home/rbtying/wchair/build/CMakeFiles/CMakeTmp'
/usr/bin/cmake -E cmake_progress_report /home/rbtying/wchair/build/CMakeFiles/CMakeTmp/CMakeFiles 1
Building C object CMakeFiles/cmTryCompileExec1507683055.dir/CheckFunctionExists.c.o
/usr/bin/cc   -DCHECK_FUNCTION_EXISTS=pthread_create   -o CMakeFiles/cmTryCompileExec1507683055.dir/CheckFunctionExists.c.o   -c /usr/share/cmake-2.8/Modules/CheckFunctionExists.c
Linking C executable cmTryCompileExec1507683055
/usr/bin/cmake -E cmake_link_script CMakeFiles/cmTryCompileExec1507683055.dir/link.txt --verbose=1
/usr/bin/cc     -DCHECK_FUNCTION_EXISTS=pthread_create    CMakeFiles/cmTryCompileExec1507683055.dir/CheckFunctionExists.c.o  -o cmTryCompileExec1507683055 -rdynamic -lpthreads 
/usr/bin/ld: cannot find -lpthreads
collect2: error: ld returned 1 exit status
make[1]: *** [cmTryCompileExec1507683055] Error 1
make[1]: Leaving directory `/home/rbtying/wchair/build/CMakeFiles/CMakeTmp'
make: *** [cmTryCompileExec1507683055/fast] Error 2


